<?xml version="1.0" encoding="UTF-8"?>
<!-- Generated by org.testng.reporters.JUnitXMLReporter -->
<testsuite ignored="0" hostname="FVFHXGUJQ6LR" failures="0" tests="3" name="Default test" time="26.788" errors="0" timestamp="2023-05-31T12:50:36 IST">
  <testcase classname="com.wipro.testcases.TestCase4" name="Login4" time="10.578"/>
  <testcase classname="com.wipro.testcases.TestCase4" name="mymenu" time="13.123"/>
  <testcase classname="com.wipro.testcases.TestCase4" name="logout4" time="2.373"/>
</testsuite> <!-- Default test -->
