<?xml version="1.0" encoding="UTF-8"?>
<!-- Generated by org.testng.reporters.JUnitXMLReporter -->
<testsuite ignored="6" hostname="LAPTOP-LIL66L1B" failures="0" tests="12" name="Test" time="39.459" errors="0" timestamp="2023-06-04T20:25:37 IST">
  <testcase classname="com.wipro.testcases.TestCase1" name="Register1" time="5.491"/>
  <testcase classname="com.wipro.testcases.TestCase1" name="Login1" time="3.253"/>
  <testcase classname="com.wipro.testcases.TestCase1" name="logout1" time="0.795"/>
  <testcase classname="com.wipro.testcases.TestCase2" name="Login2" time="2.579"/>
  <testcase classname="com.wipro.testcases.TestCase2" name="Myaccfunctionality" time="0.476"/>
  <testcase classname="com.wipro.testcases.TestCase2" name="addressfuctionality" time="4.36"/>
  <testcase classname="com.wipro.testcases.TestCase3" name="Login3" time="2.504"/>
  <testcase classname="com.wipro.testcases.TestCase3" name="mymenu" time="1.795"/>
  <testcase classname="com.wipro.testcases.TestCase3" name="myselect" time="6.53"/>
  <testcase classname="com.wipro.testcases.TestCase4" name="Login4" time="2.66"/>
  <testcase classname="com.wipro.testcases.TestCase4" name="mymenu" time="6.851"/>
  <testcase classname="com.wipro.testcases.TestCase4" name="logout4" time="1.311"/>
  <testcase classname="com.wipro.base.TestBaseClass" name="@BeforeSuite setUp" time="0.0">
    <ignored/>
  </testcase> <!-- @BeforeSuite setUp -->
  <testcase classname="com.wipro.base.TestBaseClass" name="@BeforeSuite setUp" time="0.0">
    <ignored/>
  </testcase> <!-- @BeforeSuite setUp -->
  <testcase classname="com.wipro.base.TestBaseClass" name="@BeforeSuite setUp" time="0.0">
    <ignored/>
  </testcase> <!-- @BeforeSuite setUp -->
  <testcase classname="com.wipro.base.TestBaseClass" name="@AfterSuite windUp" time="0.0">
    <ignored/>
  </testcase> <!-- @AfterSuite windUp -->
  <testcase classname="com.wipro.base.TestBaseClass" name="@AfterSuite windUp" time="0.0">
    <ignored/>
  </testcase> <!-- @AfterSuite windUp -->
  <testcase classname="com.wipro.base.TestBaseClass" name="@AfterSuite windUp" time="0.0">
    <ignored/>
  </testcase> <!-- @AfterSuite windUp -->
</testsuite> <!-- Test -->
